<?xml version="1.0" encoding="UTF-8"?>
<!-- Generated by org.testng.reporters.JUnitReportReporter -->
<testsuite skipped="0" hostname="selenium-PC" name="DriverTestUsingStream" tests="1" failures="0" timestamp="28 Mar 2020 07:44:26 GMT" time="4.229" errors="0">
  <testcase name="googleTest" time="4.229" classname="DriverTestUsingStream"/>
</testsuite> <!-- DriverTestUsingStream -->
