<?xml version="1.0" encoding="UTF-8"?>
<!-- Generated by org.testng.reporters.JUnitReportReporter -->
<testsuite skipped="0" hostname="selenium-PC" name="DriverTest2" tests="1" failures="0" timestamp="24 Mar 2020 22:51:00 GMT" time="4.640" errors="0">
  <testcase name="googleTest" time="4.640" classname="DriverTest2"/>
</testsuite> <!-- DriverTest2 -->
