<?xml version="1.0" encoding="UTF-8"?>
<!-- Generated by org.testng.reporters.JUnitReportReporter -->
<testsuite skipped="0" hostname="selenium-PC" name="BrokenLink" tests="1" failures="0" timestamp="30 Mar 2020 05:24:54 GMT" time="81.097" errors="0">
  <testcase name="BrokenLinkTest" time="81.097" classname="BrokenLink"/>
</testsuite> <!-- BrokenLink -->
