<?xml version="1.0" encoding="UTF-8"?>
<!-- Generated by org.testng.reporters.JUnitReportReporter -->
<testsuite skipped="0" hostname="selenium-PC" name="DriverTest" tests="1" failures="0" timestamp="24 Mar 2020 22:21:15 GMT" time="2.683" errors="0">
  <testcase name="googleTest" time="2.683" classname="DriverTest"/>
</testsuite> <!-- DriverTest -->
