<?xml version="1.0" encoding="UTF-8"?>
<!-- Generated by org.testng.reporters.JUnitReportReporter -->
<testsuite skipped="0" hostname="selenium-PC" name="CheckBoxSelection" tests="1" failures="0" timestamp="28 Mar 2020 09:14:13 GMT" time="15.130" errors="0">
  <testcase name="googleTest" time="15.130" classname="CheckBoxSelection"/>
</testsuite> <!-- CheckBoxSelection -->
