<?xml version="1.0" encoding="UTF-8"?>
<!-- Generated by org.testng.reporters.JUnitReportReporter -->
<testsuite skipped="0" hostname="selenium-PC" name="hereTest" tests="1" failures="0" timestamp="02 Apr 2020 10:09:23 GMT" time="36.432" errors="0">
  <testcase name="BrokenLinkTest" time="36.432" classname="hereTest"/>
</testsuite> <!-- hereTest -->
