<?xml version="1.0" encoding="UTF-8"?>
<!-- Generated by org.testng.reporters.JUnitReportReporter -->
<testsuite skipped="0" hostname="selenium-PC" name="CheckBoxSelection" tests="2" failures="0" timestamp="29 Mar 2020 06:54:16 GMT" time="9.053" errors="0">
  <testcase name="googleTest" time="3.745" classname="CheckBoxSelection"/>
  <testcase name="googleTest" time="5.308" classname="CheckBoxSelection"/>
</testsuite> <!-- CheckBoxSelection -->
