<?xml version="1.0" encoding="UTF-8"?>
<!-- Generated by org.testng.reporters.JUnitReportReporter -->
<testsuite skipped="0" hostname="selenium-PC" name="BrokenLink" tests="1" failures="0" timestamp="30 Mar 2020 04:00:45 GMT" time="13.688" errors="0">
  <testcase name="BrokenLinkTest" time="13.688" classname="BrokenLink"/>
</testsuite> <!-- BrokenLink -->
