<?xml version="1.0" encoding="UTF-8"?>
<!-- Generated by org.testng.reporters.JUnitReportReporter -->
<testsuite skipped="0" hostname="selenium-PC" name="BrokenLink" tests="1" failures="0" timestamp="29 Mar 2020 18:30:29 GMT" time="6.342" errors="0">
  <testcase name="googleTest" time="6.342" classname="BrokenLink"/>
</testsuite> <!-- BrokenLink -->
