<?xml version="1.0" encoding="UTF-8"?>
<!-- Generated by org.testng.reporters.JUnitReportReporter -->
<testsuite skipped="0" hostname="selenium-PC" name="DriverTest" tests="1" failures="0" timestamp="22 Mar 2020 17:47:49 GMT" time="3.885" errors="0">
  <testcase name="googleTest" time="3.885" classname="DriverTest"/>
</testsuite> <!-- DriverTest -->
