<?xml version="1.0" encoding="UTF-8"?>
<!-- Generated by org.testng.reporters.JUnitReportReporter -->
<testsuite skipped="0" hostname="selenium-PC" name="test.CheckBoxSelectionTest" tests="2" failures="0" timestamp="29 Mar 2020 07:32:19 GMT" time="15.158" errors="0">
  <testcase name="tableRowTest" time="8.383" classname="test.CheckBoxSelectionTest"/>
  <testcase name="tableRowTest" time="6.775" classname="test.CheckBoxSelectionTest"/>
</testsuite> <!-- test.CheckBoxSelectionTest -->
