<?xml version="1.0" encoding="UTF-8"?>
<!-- Generated by org.testng.reporters.JUnitReportReporter -->
<testsuite skipped="0" hostname="selenium-PC" name="test.CheckBoxSelectionTest" tests="2" failures="0" timestamp="29 Mar 2020 09:50:33 GMT" time="11.174" errors="0">
  <testcase name="tableRowTest" time="6.250" classname="test.CheckBoxSelectionTest"/>
  <testcase name="tableRowTest" time="4.924" classname="test.CheckBoxSelectionTest"/>
</testsuite> <!-- test.CheckBoxSelectionTest -->
