<?xml version="1.0" encoding="UTF-8"?>
<!-- Generated by org.testng.reporters.JUnitReportReporter -->
<testsuite skipped="0" hostname="selenium-PC" name="test.CheckBoxSelectionBDDTest" tests="5" failures="0" timestamp="29 Mar 2020 10:35:24 GMT" time="25.182" errors="0">
  <testcase name="tableRowTest" time="5.111" classname="test.CheckBoxSelectionBDDTest"/>
  <testcase name="tableRowTest" time="6.173" classname="test.CheckBoxSelectionBDDTest"/>
  <testcase name="tableRowTest" time="4.599" classname="test.CheckBoxSelectionBDDTest"/>
  <testcase name="tableRowTest" time="4.583" classname="test.CheckBoxSelectionBDDTest"/>
  <testcase name="tableRowTest" time="4.716" classname="test.CheckBoxSelectionBDDTest"/>
</testsuite> <!-- test.CheckBoxSelectionBDDTest -->
