<?xml version="1.0" encoding="UTF-8"?>
<!-- Generated by org.testng.reporters.JUnitReportReporter -->
<testsuite skipped="0" hostname="selenium-PC" name="test.CheckBoxSelectionTest" tests="3" failures="0" timestamp="29 Mar 2020 08:06:45 GMT" time="16.332" errors="0">
  <testcase name="tableRowTest" time="4.704" classname="test.CheckBoxSelectionTest"/>
  <testcase name="tableRowTest" time="5.041" classname="test.CheckBoxSelectionTest"/>
  <testcase name="tableRowTest" time="6.587" classname="test.CheckBoxSelectionTest"/>
</testsuite> <!-- test.CheckBoxSelectionTest -->
