<?xml version="1.0" encoding="UTF-8"?>
<!-- Generated by org.testng.reporters.JUnitReportReporter -->
<testsuite skipped="0" hostname="selenium-PC" name="tests.SSS" tests="1" failures="0" timestamp="10 Apr 2020 20:26:37 GMT" time="13.198" errors="0">
  <testcase name="dropDownTest" time="13.198" classname="tests.SSS"/>
</testsuite> <!-- tests.SSS -->
