<?xml version="1.0" encoding="UTF-8"?>
<!-- Generated by org.testng.reporters.JUnitReportReporter -->
<testsuite skipped="0" hostname="selenium-PC" name="tests.PriceTableTest" tests="1" failures="0" timestamp="10 Apr 2020 16:18:10 GMT" time="5.384" errors="0">
  <testcase name="minPriceTest" time="5.384" classname="tests.PriceTableTest"/>
</testsuite> <!-- tests.PriceTableTest -->
